# JRE version: OpenJDK Runtime Environment Temurin-17.0.9+9 (17.0.9+9) (build 17.0.9+9)
# Java VM: OpenJDK 64-Bit Server VM Temurin-17.0.9+9 (17.0.9+9, mixed mode, tiered, compressed oops, compressed class ptrs, parallel gc, windows-amd64)
GC Precious Log:
 CPUs: 8 total, 8 available
 Memory: 8043M
 Large Page Support: Disabled
 NUMA Support: Disabled
 Compressed Oops: Enabled (32-bit)
 Alignments: Space 512K, Generation 512K, Heap 2M
 Heap Min Capacity: 100M
 Heap Initial Capacity: 100M
 Heap Max Capacity: 1G
 Pre-touch: Disabled
 Parallel Workers: 8
Heap:
 PSYoungGen      total 14336K, used 5719K [0x00000000eab00000, 0x00000000ebc80000, 0x0000000100000000)
  eden space 10752K, 22% used [0x00000000eab00000,0x00000000ead59370,0x00000000eb580000)
  from space 3584K, 92% used [0x00000000eb900000,0x00000000ebc3c9d8,0x00000000ebc80000)
  to   space 3584K, 0% used [0x00000000eb580000,0x00000000eb580000,0x00000000eb900000)
 ParOldGen       total 182272K, used 152254K [0x00000000c0000000, 0x00000000cb200000, 0x00000000eab00000)
  object space 182272K, 83% used [0x00000000c0000000,0x00000000c94afa70,0x00000000cb200000)
 Metaspace       used 98335K, committed 99520K, reserved 1179648K
  class space    used 9600K, committed 10176K, reserved 1048576K
GC Heap History (20 events):
Event: 32528.175 GC heap before
{Heap before GC invocations=30205 (full 883):
 PSYoungGen      total 14336K, used 13412K [0x00000000eab00000, 0x00000000ebe80000, 0x0000000100000000)
  eden space 9728K, 93% used [0x00000000eab00000,0x00000000eb3e9cb0,0x00000000eb480000)
  from space 4608K, 92% used [0x00000000eba00000,0x00000000ebe2f398,0x00000000ebe80000)
  to   space 5120K, 0% used [0x00000000eb480000,0x00000000eb480000,0x00000000eb980000)
 ParOldGen       total 176128K, used 174363K [0x00000000c0000000, 0x00000000cac00000, 0x00000000eab00000)
  object space 176128K, 98% used [0x00000000c0000000,0x00000000caa46d00,0x00000000cac00000)
 Metaspace       used 98334K, committed 99520K, reserved 1179648K
  class space    used 9600K, committed 10176K, reserved 1048576K
}
Event: 32528.177 GC heap after
{Heap after GC invocations=30205 (full 883):
 PSYoungGen      total 13824K, used 4052K [0x00000000eab00000, 0x00000000ebd80000, 0x0000000100000000)
  eden space 9728K, 0% used [0x00000000eab00000,0x00000000eab00000,0x00000000eb480000)
  from space 4096K, 98% used [0x00000000eb480000,0x00000000eb875328,0x00000000eb880000)
  to   space 4608K, 0% used [0x00000000eb900000,0x00000000eb900000,0x00000000ebd80000)
 ParOldGen       total 176128K, used 174363K [0x00000000c0000000, 0x00000000cac00000, 0x00000000eab00000)
  object space 176128K, 98% used [0x00000000c0000000,0x00000000caa46d00,0x00000000cac00000)
 Metaspace       used 98334K, committed 99520K, reserved 1179648K
  class space    used 9600K, committed 10176K, reserved 1048576K
}
Event: 32528.186 GC heap before
{Heap before GC invocations=30206 (full 883):
 PSYoungGen      total 13824K, used 13137K [0x00000000eab00000, 0x00000000ebd80000, 0x0000000100000000)
  eden space 9728K, 93% used [0x00000000eab00000,0x00000000eb3df330,0x00000000eb480000)
  from space 4096K, 98% used [0x00000000eb480000,0x00000000eb875328,0x00000000eb880000)
  to   space 4608K, 0% used [0x00000000eb900000,0x00000000eb900000,0x00000000ebd80000)
 ParOldGen       total 176128K, used 174363K [0x00000000c0000000, 0x00000000cac00000, 0x00000000eab00000)
  object space 176128K, 98% used [0x00000000c0000000,0x00000000caa46d00,0x00000000cac00000)
 Metaspace       used 98334K, committed 99520K, reserved 1179648K
  class space    used 9600K, committed 10176K, reserved 1048576K
}
Event: 32528.188 GC heap after
{Heap after GC invocations=30206 (full 883):
 PSYoungGen      total 13824K, used 4049K [0x00000000eab00000, 0x00000000ebd00000, 0x0000000100000000)
  eden space 9728K, 0% used [0x00000000eab00000,0x00000000eab00000,0x00000000eb480000)
  from space 4096K, 98% used [0x00000000eb900000,0x00000000ebcf45a0,0x00000000ebd00000)
  to   space 4096K, 0% used [0x00000000eb480000,0x00000000eb480000,0x00000000eb880000)
 ParOldGen       total 176128K, used 174363K [0x00000000c0000000, 0x00000000cac00000, 0x00000000eab00000)
  object space 176128K, 98% used [0x00000000c0000000,0x00000000caa46d00,0x00000000cac00000)
 Metaspace       used 98334K, committed 99520K, reserved 1179648K
  class space    used 9600K, committed 10176K, reserved 1048576K
}
Event: 32528.197 GC heap before
{Heap before GC invocations=30207 (full 883):
 PSYoungGen      total 13824K, used 13645K [0x00000000eab00000, 0x00000000ebd00000, 0x0000000100000000)
  eden space 9728K, 98% used [0x00000000eab00000,0x00000000eb45f120,0x00000000eb480000)
  from space 4096K, 98% used [0x00000000eb900000,0x00000000ebcf45a0,0x00000000ebd00000)
  to   space 4096K, 0% used [0x00000000eb480000,0x00000000eb480000,0x00000000eb880000)
 ParOldGen       total 176128K, used 174363K [0x00000000c0000000, 0x00000000cac00000, 0x00000000eab00000)
  object space 176128K, 98% used [0x00000000c0000000,0x00000000caa46d00,0x00000000cac00000)
 Metaspace       used 98334K, committed 99520K, reserved 1179648K
  class space    used 9600K, committed 10176K, reserved 1048576K
}
Event: 32528.200 GC heap after
{Heap after GC invocations=30207 (full 883):
 PSYoungGen      total 13824K, used 3984K [0x00000000eab00000, 0x00000000ebd80000, 0x0000000100000000)
  eden space 9728K, 0% used [0x00000000eab00000,0x00000000eab00000,0x00000000eb480000)
  from space 4096K, 97% used [0x00000000eb480000,0x00000000eb864090,0x00000000eb880000)
  to   space 4096K, 0% used [0x00000000eb980000,0x00000000eb980000,0x00000000ebd80000)
 ParOldGen       total 178688K, used 178008K [0x00000000c0000000, 0x00000000cae80000, 0x00000000eab00000)
  object space 178688K, 99% used [0x00000000c0000000,0x00000000cadd6078,0x00000000cae80000)
 Metaspace       used 98334K, committed 99520K, reserved 1179648K
  class space    used 9600K, committed 10176K, reserved 1048576K
}
Event: 32528.200 GC heap before
{Heap before GC invocations=30208 (full 884):
 PSYoungGen      total 13824K, used 3984K [0x00000000eab00000, 0x00000000ebd80000, 0x0000000100000000)
  eden space 9728K, 0% used [0x00000000eab00000,0x00000000eab00000,0x00000000eb480000)
  from space 4096K, 97% used [0x00000000eb480000,0x00000000eb864090,0x00000000eb880000)
  to   space 4096K, 0% used [0x00000000eb980000,0x00000000eb980000,0x00000000ebd80000)
 ParOldGen       total 178688K, used 178008K [0x00000000c0000000, 0x00000000cae80000, 0x00000000eab00000)
  object space 178688K, 99% used [0x00000000c0000000,0x00000000cadd6078,0x00000000cae80000)
 Metaspace       used 98334K, committed 99520K, reserved 1179648K
  class space    used 9600K, committed 10176K, reserved 1048576K
}
Event: 32528.303 GC heap after
{Heap after GC invocations=30208 (full 884):
 PSYoungGen      total 14848K, used 0K [0x00000000eab00000, 0x00000000ebe00000, 0x0000000100000000)
  eden space 10752K, 0% used [0x00000000eab00000,0x00000000eab00000,0x00000000eb580000)
  from space 4096K, 0% used [0x00000000eb980000,0x00000000eb980000,0x00000000ebd80000)
  to   space 4096K, 0% used [0x00000000eb580000,0x00000000eb580000,0x00000000eb980000)
 ParOldGen       total 182272K, used 149467K [0x00000000c0000000, 0x00000000cb200000, 0x00000000eab00000)
  object space 182272K, 82% used [0x00000000c0000000,0x00000000c91f6c20,0x00000000cb200000)
 Metaspace       used 98334K, committed 99520K, reserved 1179648K
  class space    used 9600K, committed 10176K, reserved 1048576K
}
Event: 32528.314 GC heap before
{Heap before GC invocations=30209 (full 884):
 PSYoungGen      total 14848K, used 9864K [0x00000000eab00000, 0x00000000ebe00000, 0x0000000100000000)
  eden space 10752K, 91% used [0x00000000eab00000,0x00000000eb4a20e8,0x00000000eb580000)
  from space 4096K, 0% used [0x00000000eb980000,0x00000000eb980000,0x00000000ebd80000)
  to   space 4096K, 0% used [0x00000000eb580000,0x00000000eb580000,0x00000000eb980000)
 ParOldGen       total 182272K, used 149467K [0x00000000c0000000, 0x00000000cb200000, 0x00000000eab00000)
  object space 182272K, 82% used [0x00000000c0000000,0x00000000c91f6c20,0x00000000cb200000)
 Metaspace       used 98334K, committed 99520K, reserved 1179648K
  class space    used 9600K, committed 10176K, reserved 1048576K
}
Event: 32528.315 GC heap after
{Heap after GC invocations=30209 (full 884):
 PSYoungGen      total 11776K, used 648K [0x00000000eab00000, 0x00000000eba00000, 0x0000000100000000)
  eden space 10752K, 0% used [0x00000000eab00000,0x00000000eab00000,0x00000000eb580000)
  from space 1024K, 63% used [0x00000000eb580000,0x00000000eb6222b8,0x00000000eb680000)
  to   space 2048K, 0% used [0x00000000eb800000,0x00000000eb800000,0x00000000eba00000)
 ParOldGen       total 182272K, used 149467K [0x00000000c0000000, 0x00000000cb200000, 0x00000000eab00000)
  object space 182272K, 82% used [0x00000000c0000000,0x00000000c91f6c20,0x00000000cb200000)
 Metaspace       used 98334K, committed 99520K, reserved 1179648K
  class space    used 9600K, committed 10176K, reserved 1048576K
}
Event: 32528.326 GC heap before
{Heap before GC invocations=30210 (full 884):
 PSYoungGen      total 11776K, used 11314K [0x00000000eab00000, 0x00000000eba00000, 0x0000000100000000)
  eden space 10752K, 99% used [0x00000000eab00000,0x00000000eb56a7f8,0x00000000eb580000)
  from space 1024K, 63% used [0x00000000eb580000,0x00000000eb6222b8,0x00000000eb680000)
  to   space 2048K, 0% used [0x00000000eb800000,0x00000000eb800000,0x00000000eba00000)
 ParOldGen       total 182272K, used 149467K [0x00000000c0000000, 0x00000000cb200000, 0x00000000eab00000)
  object space 182272K, 82% used [0x00000000c0000000,0x00000000c91f6c20,0x00000000cb200000)
 Metaspace       used 98334K, committed 99520K, reserved 1179648K
  class space    used 9600K, committed 10176K, reserved 1048576K
}
Event: 32528.327 GC heap after
{Heap after GC invocations=30210 (full 884):
 PSYoungGen      total 12800K, used 1671K [0x00000000eab00000, 0x00000000eba00000, 0x0000000100000000)
  eden space 10752K, 0% used [0x00000000eab00000,0x00000000eab00000,0x00000000eb580000)
  from space 2048K, 81% used [0x00000000eb800000,0x00000000eb9a1e40,0x00000000eba00000)
  to   space 2048K, 0% used [0x00000000eb600000,0x00000000eb600000,0x00000000eb800000)
 ParOldGen       total 182272K, used 151295K [0x00000000c0000000, 0x00000000cb200000, 0x00000000eab00000)
  object space 182272K, 83% used [0x00000000c0000000,0x00000000c93bfee8,0x00000000cb200000)
 Metaspace       used 98334K, committed 99520K, reserved 1179648K
  class space    used 9600K, committed 10176K, reserved 1048576K
}
Event: 32530.953 GC heap before
{Heap before GC invocations=30211 (full 884):
 PSYoungGen      total 12800K, used 12423K [0x00000000eab00000, 0x00000000eba00000, 0x0000000100000000)
  eden space 10752K, 100% used [0x00000000eab00000,0x00000000eb580000,0x00000000eb580000)
  from space 2048K, 81% used [0x00000000eb800000,0x00000000eb9a1e40,0x00000000eba00000)
  to   space 2048K, 0% used [0x00000000eb600000,0x00000000eb600000,0x00000000eb800000)
 ParOldGen       total 182272K, used 151295K [0x00000000c0000000, 0x00000000cb200000, 0x00000000eab00000)
  object space 182272K, 83% used [0x00000000c0000000,0x00000000c93bfee8,0x00000000cb200000)
 Metaspace       used 98334K, committed 99520K, reserved 1179648K
  class space    used 9600K, committed 10176K, reserved 1048576K
}
Event: 32530.954 GC heap after
{Heap after GC invocations=30211 (full 884):
 PSYoungGen      total 12800K, used 1602K [0x00000000eab00000, 0x00000000eb980000, 0x0000000100000000)
  eden space 10752K, 0% used [0x00000000eab00000,0x00000000eab00000,0x00000000eb580000)
  from space 2048K, 78% used [0x00000000eb600000,0x00000000eb790988,0x00000000eb800000)
  to   space 1536K, 0% used [0x00000000eb800000,0x00000000eb800000,0x00000000eb980000)
 ParOldGen       total 182272K, used 151295K [0x00000000c0000000, 0x00000000cb200000, 0x00000000eab00000)
  object space 182272K, 83% used [0x00000000c0000000,0x00000000c93bfee8,0x00000000cb200000)
 Metaspace       used 98334K, committed 99520K, reserved 1179648K
  class space    used 9600K, committed 10176K, reserved 1048576K
}
Event: 32531.066 GC heap before
{Heap before GC invocations=30212 (full 884):
 PSYoungGen      total 12800K, used 12354K [0x00000000eab00000, 0x00000000eb980000, 0x0000000100000000)
  eden space 10752K, 100% used [0x00000000eab00000,0x00000000eb580000,0x00000000eb580000)
  from space 2048K, 78% used [0x00000000eb600000,0x00000000eb790988,0x00000000eb800000)
  to   space 1536K, 0% used [0x00000000eb800000,0x00000000eb800000,0x00000000eb980000)
 ParOldGen       total 182272K, used 151295K [0x00000000c0000000, 0x00000000cb200000, 0x00000000eab00000)
  object space 182272K, 83% used [0x00000000c0000000,0x00000000c93bfee8,0x00000000cb200000)
 Metaspace       used 98334K, committed 99520K, reserved 1179648K
  class space    used 9600K, committed 10176K, reserved 1048576K
}
Event: 32531.067 GC heap after
{Heap after GC invocations=30212 (full 884):
 PSYoungGen      total 12288K, used 1506K [0x00000000eab00000, 0x00000000eb980000, 0x0000000100000000)
  eden space 10752K, 0% used [0x00000000eab00000,0x00000000eab00000,0x00000000eb580000)
  from space 1536K, 98% used [0x00000000eb800000,0x00000000eb978988,0x00000000eb980000)
  to   space 2048K, 0% used [0x00000000eb580000,0x00000000eb580000,0x00000000eb780000)
 ParOldGen       total 182272K, used 151327K [0x00000000c0000000, 0x00000000cb200000, 0x00000000eab00000)
  object space 182272K, 83% used [0x00000000c0000000,0x00000000c93c7ee8,0x00000000cb200000)
 Metaspace       used 98334K, committed 99520K, reserved 1179648K
  class space    used 9600K, committed 10176K, reserved 1048576K
}
Event: 32531.736 GC heap before
{Heap before GC invocations=30213 (full 884):
 PSYoungGen      total 12288K, used 12258K [0x00000000eab00000, 0x00000000eb980000, 0x0000000100000000)
  eden space 10752K, 100% used [0x00000000eab00000,0x00000000eb580000,0x00000000eb580000)
  from space 1536K, 98% used [0x00000000eb800000,0x00000000eb978988,0x00000000eb980000)
  to   space 2048K, 0% used [0x00000000eb580000,0x00000000eb580000,0x00000000eb780000)
 ParOldGen       total 182272K, used 151327K [0x00000000c0000000, 0x00000000cb200000, 0x00000000eab00000)
  object space 182272K, 83% used [0x00000000c0000000,0x00000000c93c7ee8,0x00000000cb200000)
 Metaspace       used 98335K, committed 99520K, reserved 1179648K
  class space    used 9600K, committed 10176K, reserved 1048576K
}
Event: 32531.738 GC heap after
{Heap after GC invocations=30213 (full 884):
 PSYoungGen      total 12800K, used 2018K [0x00000000eab00000, 0x00000000ebc80000, 0x0000000100000000)
  eden space 10752K, 0% used [0x00000000eab00000,0x00000000eab00000,0x00000000eb580000)
  from space 2048K, 98% used [0x00000000eb580000,0x00000000eb7789c8,0x00000000eb780000)
  to   space 3584K, 0% used [0x00000000eb900000,0x00000000eb900000,0x00000000ebc80000)
 ParOldGen       total 182272K, used 152254K [0x00000000c0000000, 0x00000000cb200000, 0x00000000eab00000)
  object space 182272K, 83% used [0x00000000c0000000,0x00000000c94afa70,0x00000000cb200000)
 Metaspace       used 98335K, committed 99520K, reserved 1179648K
  class space    used 9600K, committed 10176K, reserved 1048576K
}
Event: 32531.780 GC heap before
{Heap before GC invocations=30214 (full 884):
 PSYoungGen      total 12800K, used 12770K [0x00000000eab00000, 0x00000000ebc80000, 0x0000000100000000)
  eden space 10752K, 100% used [0x00000000eab00000,0x00000000eb580000,0x00000000eb580000)
  from space 2048K, 98% used [0x00000000eb580000,0x00000000eb7789c8,0x00000000eb780000)
  to   space 3584K, 0% used [0x00000000eb900000,0x00000000eb900000,0x00000000ebc80000)
 ParOldGen       total 182272K, used 152254K [0x00000000c0000000, 0x00000000cb200000, 0x00000000eab00000)
  object space 182272K, 83% used [0x00000000c0000000,0x00000000c94afa70,0x00000000cb200000)
 Metaspace       used 98335K, committed 99520K, reserved 1179648K
  class space    used 9600K, committed 10176K, reserved 1048576K
}
Event: 32531.782 GC heap after
{Heap after GC invocations=30214 (full 884):
 PSYoungGen      total 14336K, used 3314K [0x00000000eab00000, 0x00000000ebc80000, 0x0000000100000000)
  eden space 10752K, 0% used [0x00000000eab00000,0x00000000eab00000,0x00000000eb580000)
  from space 3584K, 92% used [0x00000000eb900000,0x00000000ebc3c9d8,0x00000000ebc80000)
  to   space 3584K, 0% used [0x00000000eb580000,0x00000000eb580000,0x00000000eb900000)
 ParOldGen       total 182272K, used 152254K [0x00000000c0000000, 0x00000000cb200000, 0x00000000eab00000)
  object space 182272K, 83% used [0x00000000c0000000,0x00000000c94afa70,0x00000000cb200000)
 Metaspace       used 98335K, committed 99520K, reserved 1179648K
  class space    used 9600K, committed 10176K, reserved 1048576K
}

